<?xml version="1.0" encoding="UTF-8"?>
<testsuite name="com.parcheggio.parcheggio_backend.ParcheggioBackendApplicationTests" tests="1" skipped="0" failures="0" errors="0" timestamp="2025-04-02T11:43:59.241Z" hostname="NETBOOKOLD" time="0.882">
  <properties/>
  <testcase name="contextLoads()" classname="com.parcheggio.parcheggio_backend.ParcheggioBackendApplicationTests" time="0.882"/>
  <system-out><![CDATA[13:43:50.915 [Test worker] INFO org.springframework.test.context.support.AnnotationConfigContextLoaderUtils -- Could not detect default configuration classes for test class [com.parcheggio.parcheggio_backend.ParcheggioBackendApplicationTests]: ParcheggioBackendApplicationTests does not declare any static, non-private, non-final, nested classes annotated with @Configuration.
13:43:51.095 [Test worker] INFO org.springframework.boot.test.context.SpringBootTestContextBootstrapper -- Found @SpringBootConfiguration com.parcheggio.parcheggio_backend.ParcheggioBackendApplication for test class com.parcheggio.parcheggio_backend.ParcheggioBackendApplicationTests

  .   ____          _            __ _ _
 /\\ / ___'_ __ _ _(_)_ __  __ _ \ \ \ \
( ( )\___ | '_ | '_| | '_ \/ _` | \ \ \ \
 \\/  ___)| |_)| | | | | || (_| |  ) ) ) )
  '  |____| .__|_| |_|_| |_\__, | / / / /
 =========|_|==============|___/=/_/_/_/

 :: Spring Boot ::                (v3.4.4)

2025-04-02T13:43:52.054+02:00  INFO 23396 --- [parcheggio-backend] [    Test worker] c.p.p.ParcheggioBackendApplicationTests  : Starting ParcheggioBackendApplicationTests using Java 21.0.6 with PID 23396 (started by jacma in C:\Users\jacma\Desktop\parcheggio-backend)
2025-04-02T13:43:52.054+02:00  INFO 23396 --- [parcheggio-backend] [    Test worker] c.p.p.ParcheggioBackendApplicationTests  : No active profile set, falling back to 1 default profile: "default"
2025-04-02T13:43:53.351+02:00  INFO 23396 --- [parcheggio-backend] [    Test worker] .s.d.r.c.RepositoryConfigurationDelegate : Bootstrapping Spring Data JPA repositories in DEFAULT mode.
2025-04-02T13:43:53.492+02:00  INFO 23396 --- [parcheggio-backend] [    Test worker] .s.d.r.c.RepositoryConfigurationDelegate : Finished Spring Data repository scanning in 113 ms. Found 1 JPA repository interface.
2025-04-02T13:43:54.358+02:00  INFO 23396 --- [parcheggio-backend] [    Test worker] o.hibernate.jpa.internal.util.LogHelper  : HHH000204: Processing PersistenceUnitInfo [name: default]
2025-04-02T13:43:54.491+02:00  INFO 23396 --- [parcheggio-backend] [    Test worker] org.hibernate.Version                    : HHH000412: Hibernate ORM core version 6.6.11.Final
2025-04-02T13:43:54.539+02:00  INFO 23396 --- [parcheggio-backend] [    Test worker] o.h.c.internal.RegionFactoryInitiator    : HHH000026: Second-level cache disabled
2025-04-02T13:43:55.014+02:00  INFO 23396 --- [parcheggio-backend] [    Test worker] o.s.o.j.p.SpringPersistenceUnitInfo      : No LoadTimeWeaver setup: ignoring JPA class transformer
2025-04-02T13:43:55.076+02:00  INFO 23396 --- [parcheggio-backend] [    Test worker] com.zaxxer.hikari.HikariDataSource       : HikariPool-1 - Starting...
2025-04-02T13:43:55.732+02:00  INFO 23396 --- [parcheggio-backend] [    Test worker] com.zaxxer.hikari.pool.HikariPool        : HikariPool-1 - Added connection com.mysql.cj.jdbc.ConnectionImpl@4ec427
2025-04-02T13:43:55.738+02:00  INFO 23396 --- [parcheggio-backend] [    Test worker] com.zaxxer.hikari.HikariDataSource       : HikariPool-1 - Start completed.
2025-04-02T13:43:55.849+02:00  WARN 23396 --- [parcheggio-backend] [    Test worker] org.hibernate.orm.deprecation            : HHH90000025: MySQL8Dialect does not need to be specified explicitly using 'hibernate.dialect' (remove the property setting and it will be selected by default)
2025-04-02T13:43:55.851+02:00  WARN 23396 --- [parcheggio-backend] [    Test worker] org.hibernate.orm.deprecation            : HHH90000026: MySQL8Dialect has been deprecated; use org.hibernate.dialect.MySQLDialect instead
2025-04-02T13:43:55.916+02:00  INFO 23396 --- [parcheggio-backend] [    Test worker] org.hibernate.orm.connections.pooling    : HHH10001005: Database info:
	Database JDBC URL [Connecting through datasource 'HikariDataSource (HikariPool-1)']
	Database driver: undefined/unknown
	Database version: 8.0
	Autocommit mode: undefined/unknown
	Isolation level: undefined/unknown
	Minimum pool size: undefined/unknown
	Maximum pool size: undefined/unknown
2025-04-02T13:43:57.489+02:00  INFO 23396 --- [parcheggio-backend] [    Test worker] o.h.e.t.j.p.i.JtaPlatformInitiator       : HHH000489: No JTA platform available (set 'hibernate.transaction.jta.platform' to enable JTA platform integration)
2025-04-02T13:43:57.588+02:00  INFO 23396 --- [parcheggio-backend] [    Test worker] j.LocalContainerEntityManagerFactoryBean : Initialized JPA EntityManagerFactory for persistence unit 'default'
2025-04-02T13:43:58.473+02:00  WARN 23396 --- [parcheggio-backend] [    Test worker] JpaBaseConfiguration$JpaWebConfiguration : spring.jpa.open-in-view is enabled by default. Therefore, database queries may be performed during view rendering. Explicitly configure spring.jpa.open-in-view to disable this warning
2025-04-02T13:43:59.209+02:00  INFO 23396 --- [parcheggio-backend] [    Test worker] c.p.p.ParcheggioBackendApplicationTests  : Started ParcheggioBackendApplicationTests in 7.719 seconds (process running for 9.841)
]]></system-out>
  <system-err><![CDATA[Mockito is currently self-attaching to enable the inline-mock-maker. This will no longer work in future releases of the JDK. Please add Mockito as an agent to your build what is described in Mockito's documentation: https://javadoc.io/doc/org.mockito/mockito-core/latest/org/mockito/Mockito.html#0.3
WARNING: A Java agent has been loaded dynamically (C:\Users\jacma\.gradle\caches\modules-2\files-2.1\net.bytebuddy\byte-buddy-agent\1.15.11\a38b16385e867f59a641330f0362ebe742788ed8\byte-buddy-agent-1.15.11.jar)
WARNING: If a serviceability tool is in use, please run with -XX:+EnableDynamicAgentLoading to hide this warning
WARNING: If a serviceability tool is not in use, please run with -Djdk.instrument.traceUsage for more information
WARNING: Dynamic loading of agents will be disallowed by default in a future release
]]></system-err>
</testsuite>
