<?xml version="1.0" encoding="UTF-8"?>
<testsuite name="com.parcheggio.parcheggio_backend.ParkingSpotControllerTest" tests="2" skipped="0" failures="0" errors="0" timestamp="2025-04-02T11:44:01.698Z" hostname="NETBOOKOLD" time="0.63">
  <properties/>
  <testcase name="testGetAllSpots()" classname="com.parcheggio.parcheggio_backend.ParkingSpotControllerTest" time="0.478"/>
  <testcase name="testCreateSpot()" classname="com.parcheggio.parcheggio_backend.ParkingSpotControllerTest" time="0.149"/>
  <system-out><![CDATA[2025-04-02T13:44:00.158+02:00  INFO 23396 --- [parcheggio-backend] [    Test worker] t.c.s.AnnotationConfigContextLoaderUtils : Could not detect default configuration classes for test class [com.parcheggio.parcheggio_backend.ParkingSpotControllerTest]: ParkingSpotControllerTest does not declare any static, non-private, non-final, nested classes annotated with @Configuration.
2025-04-02T13:44:00.205+02:00  INFO 23396 --- [parcheggio-backend] [    Test worker] .b.t.c.SpringBootTestContextBootstrapper : Found @SpringBootConfiguration com.parcheggio.parcheggio_backend.ParcheggioBackendApplication for test class com.parcheggio.parcheggio_backend.ParkingSpotControllerTest

  .   ____          _            __ _ _
 /\\ / ___'_ __ _ _(_)_ __  __ _ \ \ \ \
( ( )\___ | '_ | '_| | '_ \/ _` | \ \ \ \
 \\/  ___)| |_)| | | | | || (_| |  ) ) ) )
  '  |____| .__|_| |_|_| |_\__, | / / / /
 =========|_|==============|___/=/_/_/_/

 :: Spring Boot ::                (v3.4.4)

2025-04-02T13:44:00.277+02:00  INFO 23396 --- [parcheggio-backend] [    Test worker] c.p.p.ParkingSpotControllerTest          : Starting ParkingSpotControllerTest using Java 21.0.6 with PID 23396 (started by jacma in C:\Users\jacma\Desktop\parcheggio-backend)
2025-04-02T13:44:00.278+02:00  INFO 23396 --- [parcheggio-backend] [    Test worker] c.p.p.ParkingSpotControllerTest          : No active profile set, falling back to 1 default profile: "default"
2025-04-02T13:44:01.637+02:00  INFO 23396 --- [parcheggio-backend] [    Test worker] o.s.b.t.m.w.SpringBootMockServletContext : Initializing Spring TestDispatcherServlet ''
2025-04-02T13:44:01.637+02:00  INFO 23396 --- [parcheggio-backend] [    Test worker] o.s.t.web.servlet.TestDispatcherServlet  : Initializing Servlet ''
2025-04-02T13:44:01.653+02:00  INFO 23396 --- [parcheggio-backend] [    Test worker] o.s.t.web.servlet.TestDispatcherServlet  : Completed initialization in 0 ms
2025-04-02T13:44:01.694+02:00  INFO 23396 --- [parcheggio-backend] [    Test worker] c.p.p.ParkingSpotControllerTest          : Started ParkingSpotControllerTest in 1.481 seconds (process running for 12.319)
]]></system-out>
  <system-err><![CDATA[]]></system-err>
</testsuite>
